0 info it worked if it ends with ok
1 verbose cli [ '/home/ubuntu/.nvm/v0.10.35/bin/node',
1 verbose cli   '/home/ubuntu/.nvm/v0.10.35/bin/npm',
1 verbose cli   'install',
1 verbose cli   '--save',
1 verbose cli   'epxress' ]
2 info using npm@1.4.28
3 info using node@v0.10.35
4 warn package.json real-time-drawing@1.0.0 No repository field.
5 verbose readDependencies using package.json deps
6 verbose cache add [ 'epxress', null ]
7 verbose cache add name=undefined spec="epxress" args=["epxress",null]
8 verbose parsed url { protocol: null,
8 verbose parsed url   slashes: null,
8 verbose parsed url   auth: null,
8 verbose parsed url   host: null,
8 verbose parsed url   port: null,
8 verbose parsed url   hostname: null,
8 verbose parsed url   hash: null,
8 verbose parsed url   search: null,
8 verbose parsed url   query: null,
8 verbose parsed url   pathname: 'epxress',
8 verbose parsed url   path: 'epxress',
8 verbose parsed url   href: 'epxress' }
9 silly lockFile a77f5afb-epxress epxress
10 verbose lock epxress /home/ubuntu/.npm/a77f5afb-epxress.lock
11 silly lockFile a77f5afb-epxress epxress
12 silly lockFile a77f5afb-epxress epxress
13 verbose addNamed [ 'epxress', '' ]
14 verbose addNamed [ null, '*' ]
15 silly lockFile e06c22e2-epxress epxress@
16 verbose lock epxress@ /home/ubuntu/.npm/e06c22e2-epxress.lock
17 silly addNameRange { name: 'epxress', range: '*', hasData: false }
18 verbose request where is /epxress
19 verbose request registry https://registry.npmjs.org/
20 verbose request id 04e5f3754f006da0
21 verbose url raw /epxress
22 verbose url resolving [ 'https://registry.npmjs.org/', './epxress' ]
23 verbose url resolved https://registry.npmjs.org/epxress
24 verbose request where is https://registry.npmjs.org/epxress
25 info trying registry request attempt 1 at 20:13:34
26 http GET https://registry.npmjs.org/epxress
27 http 404 https://registry.npmjs.org/epxress
28 silly registry.get cb [ 404,
28 silly registry.get   { 'content-type': 'application/json',
28 silly registry.get     'cache-control': 'max-age=0',
28 silly registry.get     'content-length': '2',
28 silly registry.get     'accept-ranges': 'bytes',
28 silly registry.get     date: 'Thu, 03 Sep 2015 20:13:34 GMT',
28 silly registry.get     via: '1.1 varnish',
28 silly registry.get     age: '0',
28 silly registry.get     connection: 'keep-alive',
28 silly registry.get     'x-served-by': 'cache-atl6222-ATL',
28 silly registry.get     'x-cache': 'MISS',
28 silly registry.get     'x-cache-hits': '0',
28 silly registry.get     'x-timer': 'S1441311214.750517,VS0,VE89' } ]
29 silly lockFile e06c22e2-epxress epxress@
30 silly lockFile e06c22e2-epxress epxress@
31 error 404 Not Found
31 error 404
31 error 404 'epxress' is not in the npm registry.
31 error 404 You should bug the author to publish it
31 error 404 It was specified as a dependency of 'real-time-drawing'
31 error 404
31 error 404 Note that you can also install from a
31 error 404 tarball, folder, or http url, or git url.
32 error System Linux 3.14.13-c9
33 error command "/home/ubuntu/.nvm/v0.10.35/bin/node" "/home/ubuntu/.nvm/v0.10.35/bin/npm" "install" "--save" "epxress"
34 error cwd /home/ubuntu/workspace
35 error node -v v0.10.35
36 error npm -v 1.4.28
37 error code E404
38 verbose exit [ 1, true ]
